# JRE version: OpenJDK Runtime Environment Temurin-21.0.7+6 (21.0.7+6) (build 21.0.7+6-LTS)
# Java VM: OpenJDK 64-Bit Server VM Temurin-21.0.7+6 (21.0.7+6-LTS, mixed mode, sharing, tiered, compressed oops, compressed class ptrs, parallel gc, windows-amd64)
GC Precious Log:
 CardTable entry size: 512
 CPUs: 32 total, 32 available
 Memory: 32508M
 Large Page Support: Disabled
 NUMA Support: Disabled
 Compressed Oops: Enabled (32-bit)
 Alignments: Space 512K, Generation 512K, Heap 2M
 Heap Min Capacity: 100M
 Heap Initial Capacity: 100M
 Heap Max Capacity: 1G
 Pre-touch: Disabled
 Parallel Workers: 23
Heap:
 PSYoungGen      total 3072K, used 2314K [0x00000000eab00000, 0x00000000eb100000, 0x0000000100000000)
  eden space 2048K, 67% used [0x00000000eab00000,0x00000000eac5a840,0x00000000ead00000)
  from space 1024K, 90% used [0x00000000eb000000,0x00000000eb0e8010,0x00000000eb100000)
  to   space 1536K, 0% used [0x00000000eae00000,0x00000000eae00000,0x00000000eaf80000)
 ParOldGen       total 392704K, used 392677K [0x00000000c0000000, 0x00000000d7f80000, 0x00000000eab00000)
  object space 392704K, 99% used [0x00000000c0000000,0x00000000d7f79440,0x00000000d7f80000)
 Metaspace       used 67124K, committed 68800K, reserved 1114112K
  class space    used 6888K, committed 7552K, reserved 1048576K
GC Heap History (20 events):
Event: 9.852 GC heap before
{Heap before GC invocations=1542 (full 4):
 PSYoungGen      total 7168K, used 7144K [0x00000000eab00000, 0x00000000eb600000, 0x0000000100000000)
  eden space 6144K, 100% used [0x00000000eab00000,0x00000000eb100000,0x00000000eb100000)
  from space 1024K, 97% used [0x00000000eb300000,0x00000000eb3fa000,0x00000000eb400000)
  to   space 2048K, 0% used [0x00000000eb100000,0x00000000eb100000,0x00000000eb300000)
 ParOldGen       total 377856K, used 377523K [0x00000000c0000000, 0x00000000d7100000, 0x00000000eab00000)
  object space 377856K, 99% used [0x00000000c0000000,0x00000000d70acf00,0x00000000d7100000)
 Metaspace       used 66491K, committed 68224K, reserved 1114112K
  class space    used 6822K, committed 7552K, reserved 1048576K
}
Event: 9.853 GC heap after
{Heap after GC invocations=1542 (full 4):
 PSYoungGen      total 8192K, used 2032K [0x00000000eab00000, 0x00000000eb700000, 0x0000000100000000)
  eden space 6144K, 0% used [0x00000000eab00000,0x00000000eab00000,0x00000000eb100000)
  from space 2048K, 99% used [0x00000000eb100000,0x00000000eb2fc010,0x00000000eb300000)
  to   space 3072K, 0% used [0x00000000eb400000,0x00000000eb400000,0x00000000eb700000)
 ParOldGen       total 378368K, used 378277K [0x00000000c0000000, 0x00000000d7180000, 0x00000000eab00000)
  object space 378368K, 99% used [0x00000000c0000000,0x00000000d7169730,0x00000000d7180000)
 Metaspace       used 66491K, committed 68224K, reserved 1114112K
  class space    used 6822K, committed 7552K, reserved 1048576K
}
Event: 9.861 GC heap before
{Heap before GC invocations=1543 (full 4):
 PSYoungGen      total 8192K, used 8176K [0x00000000eab00000, 0x00000000eb700000, 0x0000000100000000)
  eden space 6144K, 100% used [0x00000000eab00000,0x00000000eb100000,0x00000000eb100000)
  from space 2048K, 99% used [0x00000000eb100000,0x00000000eb2fc010,0x00000000eb300000)
  to   space 3072K, 0% used [0x00000000eb400000,0x00000000eb400000,0x00000000eb700000)
 ParOldGen       total 378368K, used 378277K [0x00000000c0000000, 0x00000000d7180000, 0x00000000eab00000)
  object space 378368K, 99% used [0x00000000c0000000,0x00000000d7169730,0x00000000d7180000)
 Metaspace       used 66522K, committed 68224K, reserved 1114112K
  class space    used 6824K, committed 7552K, reserved 1048576K
}
Event: 9.862 GC heap after
{Heap after GC invocations=1543 (full 4):
 PSYoungGen      total 8192K, used 1563K [0x00000000eab00000, 0x00000000eb600000, 0x0000000100000000)
  eden space 6144K, 0% used [0x00000000eab00000,0x00000000eab00000,0x00000000eb100000)
  from space 2048K, 76% used [0x00000000eb400000,0x00000000eb586fa0,0x00000000eb600000)
  to   space 2048K, 0% used [0x00000000eb100000,0x00000000eb100000,0x00000000eb300000)
 ParOldGen       total 379904K, used 379453K [0x00000000c0000000, 0x00000000d7300000, 0x00000000eab00000)
  object space 379904K, 99% used [0x00000000c0000000,0x00000000d728f6b0,0x00000000d7300000)
 Metaspace       used 66522K, committed 68224K, reserved 1114112K
  class space    used 6824K, committed 7552K, reserved 1048576K
}
Event: 9.868 GC heap before
{Heap before GC invocations=1544 (full 4):
 PSYoungGen      total 8192K, used 7707K [0x00000000eab00000, 0x00000000eb600000, 0x0000000100000000)
  eden space 6144K, 100% used [0x00000000eab00000,0x00000000eb100000,0x00000000eb100000)
  from space 2048K, 76% used [0x00000000eb400000,0x00000000eb586fa0,0x00000000eb600000)
  to   space 2048K, 0% used [0x00000000eb100000,0x00000000eb100000,0x00000000eb300000)
 ParOldGen       total 379904K, used 379453K [0x00000000c0000000, 0x00000000d7300000, 0x00000000eab00000)
  object space 379904K, 99% used [0x00000000c0000000,0x00000000d728f6b0,0x00000000d7300000)
 Metaspace       used 66533K, committed 68224K, reserved 1114112K
  class space    used 6826K, committed 7552K, reserved 1048576K
}
Event: 9.869 GC heap after
{Heap after GC invocations=1544 (full 4):
 PSYoungGen      total 8192K, used 1138K [0x00000000eab00000, 0x00000000eb480000, 0x0000000100000000)
  eden space 6144K, 0% used [0x00000000eab00000,0x00000000eab00000,0x00000000eb100000)
  from space 2048K, 55% used [0x00000000eb100000,0x00000000eb21c978,0x00000000eb300000)
  to   space 1536K, 0% used [0x00000000eb300000,0x00000000eb300000,0x00000000eb480000)
 ParOldGen       total 380928K, used 380716K [0x00000000c0000000, 0x00000000d7400000, 0x00000000eab00000)
  object space 380928K, 99% used [0x00000000c0000000,0x00000000d73cb228,0x00000000d7400000)
 Metaspace       used 66533K, committed 68224K, reserved 1114112K
  class space    used 6826K, committed 7552K, reserved 1048576K
}
Event: 9.878 GC heap before
{Heap before GC invocations=1545 (full 4):
 PSYoungGen      total 8192K, used 7282K [0x00000000eab00000, 0x00000000eb480000, 0x0000000100000000)
  eden space 6144K, 100% used [0x00000000eab00000,0x00000000eb100000,0x00000000eb100000)
  from space 2048K, 55% used [0x00000000eb100000,0x00000000eb21c978,0x00000000eb300000)
  to   space 1536K, 0% used [0x00000000eb300000,0x00000000eb300000,0x00000000eb480000)
 ParOldGen       total 380928K, used 380716K [0x00000000c0000000, 0x00000000d7400000, 0x00000000eab00000)
  object space 380928K, 99% used [0x00000000c0000000,0x00000000d73cb228,0x00000000d7400000)
 Metaspace       used 66546K, committed 68224K, reserved 1114112K
  class space    used 6829K, committed 7552K, reserved 1048576K
}
Event: 9.880 GC heap after
{Heap after GC invocations=1545 (full 4):
 PSYoungGen      total 7680K, used 1440K [0x00000000eab00000, 0x00000000eb480000, 0x0000000100000000)
  eden space 6144K, 0% used [0x00000000eab00000,0x00000000eab00000,0x00000000eb100000)
  from space 1536K, 93% used [0x00000000eb300000,0x00000000eb468000,0x00000000eb480000)
  to   space 1536K, 0% used [0x00000000eb180000,0x00000000eb180000,0x00000000eb300000)
 ParOldGen       total 381952K, used 381522K [0x00000000c0000000, 0x00000000d7500000, 0x00000000eab00000)
  object space 381952K, 99% used [0x00000000c0000000,0x00000000d7494960,0x00000000d7500000)
 Metaspace       used 66546K, committed 68224K, reserved 1114112K
  class space    used 6829K, committed 7552K, reserved 1048576K
}
Event: 9.887 GC heap before
{Heap before GC invocations=1546 (full 4):
 PSYoungGen      total 7680K, used 7584K [0x00000000eab00000, 0x00000000eb480000, 0x0000000100000000)
  eden space 6144K, 100% used [0x00000000eab00000,0x00000000eb100000,0x00000000eb100000)
  from space 1536K, 93% used [0x00000000eb300000,0x00000000eb468000,0x00000000eb480000)
  to   space 1536K, 0% used [0x00000000eb180000,0x00000000eb180000,0x00000000eb300000)
 ParOldGen       total 381952K, used 381522K [0x00000000c0000000, 0x00000000d7500000, 0x00000000eab00000)
  object space 381952K, 99% used [0x00000000c0000000,0x00000000d7494960,0x00000000d7500000)
 Metaspace       used 66553K, committed 68224K, reserved 1114112K
  class space    used 6829K, committed 7552K, reserved 1048576K
}
Event: 9.888 GC heap after
{Heap after GC invocations=1546 (full 4):
 PSYoungGen      total 7680K, used 1469K [0x00000000eab00000, 0x00000000eb400000, 0x0000000100000000)
  eden space 6144K, 0% used [0x00000000eab00000,0x00000000eab00000,0x00000000eb100000)
  from space 1536K, 95% used [0x00000000eb180000,0x00000000eb2ef540,0x00000000eb300000)
  to   space 1024K, 0% used [0x00000000eb300000,0x00000000eb300000,0x00000000eb400000)
 ParOldGen       total 382976K, used 382649K [0x00000000c0000000, 0x00000000d7600000, 0x00000000eab00000)
  object space 382976K, 99% used [0x00000000c0000000,0x00000000d75ae420,0x00000000d7600000)
 Metaspace       used 66553K, committed 68224K, reserved 1114112K
  class space    used 6829K, committed 7552K, reserved 1048576K
}
Event: 9.906 GC heap before
{Heap before GC invocations=1547 (full 4):
 PSYoungGen      total 7680K, used 7613K [0x00000000eab00000, 0x00000000eb400000, 0x0000000100000000)
  eden space 6144K, 100% used [0x00000000eab00000,0x00000000eb100000,0x00000000eb100000)
  from space 1536K, 95% used [0x00000000eb180000,0x00000000eb2ef540,0x00000000eb300000)
  to   space 1024K, 0% used [0x00000000eb300000,0x00000000eb300000,0x00000000eb400000)
 ParOldGen       total 382976K, used 382649K [0x00000000c0000000, 0x00000000d7600000, 0x00000000eab00000)
  object space 382976K, 99% used [0x00000000c0000000,0x00000000d75ae420,0x00000000d7600000)
 Metaspace       used 66597K, committed 68224K, reserved 1114112K
  class space    used 6838K, committed 7552K, reserved 1048576K
}
Event: 9.907 GC heap after
{Heap after GC invocations=1547 (full 4):
 PSYoungGen      total 5632K, used 992K [0x00000000eab00000, 0x00000000eb800000, 0x0000000100000000)
  eden space 4608K, 0% used [0x00000000eab00000,0x00000000eab00000,0x00000000eaf80000)
  from space 1024K, 96% used [0x00000000eb300000,0x00000000eb3f8010,0x00000000eb400000)
  to   space 3584K, 0% used [0x00000000eaf80000,0x00000000eaf80000,0x00000000eb300000)
 ParOldGen       total 385024K, used 384813K [0x00000000c0000000, 0x00000000d7800000, 0x00000000eab00000)
  object space 385024K, 99% used [0x00000000c0000000,0x00000000d77cb7c0,0x00000000d7800000)
 Metaspace       used 66597K, committed 68224K, reserved 1114112K
  class space    used 6838K, committed 7552K, reserved 1048576K
}
Event: 9.917 GC heap before
{Heap before GC invocations=1548 (full 4):
 PSYoungGen      total 5632K, used 5600K [0x00000000eab00000, 0x00000000eb800000, 0x0000000100000000)
  eden space 4608K, 100% used [0x00000000eab00000,0x00000000eaf80000,0x00000000eaf80000)
  from space 1024K, 96% used [0x00000000eb300000,0x00000000eb3f8010,0x00000000eb400000)
  to   space 3584K, 0% used [0x00000000eaf80000,0x00000000eaf80000,0x00000000eb300000)
 ParOldGen       total 385024K, used 384813K [0x00000000c0000000, 0x00000000d7800000, 0x00000000eab00000)
  object space 385024K, 99% used [0x00000000c0000000,0x00000000d77cb7c0,0x00000000d7800000)
 Metaspace       used 66695K, committed 68416K, reserved 1114112K
  class space    used 6843K, committed 7552K, reserved 1048576K
}
Event: 9.918 GC heap after
{Heap after GC invocations=1548 (full 4):
 PSYoungGen      total 7168K, used 2371K [0x00000000eab00000, 0x00000000eb580000, 0x0000000100000000)
  eden space 4608K, 0% used [0x00000000eab00000,0x00000000eab00000,0x00000000eaf80000)
  from space 2560K, 92% used [0x00000000eaf80000,0x00000000eb1d0fa0,0x00000000eb200000)
  to   space 3072K, 0% used [0x00000000eb280000,0x00000000eb280000,0x00000000eb580000)
 ParOldGen       total 386048K, used 385885K [0x00000000c0000000, 0x00000000d7900000, 0x00000000eab00000)
  object space 386048K, 99% used [0x00000000c0000000,0x00000000d78d7440,0x00000000d7900000)
 Metaspace       used 66695K, committed 68416K, reserved 1114112K
  class space    used 6843K, committed 7552K, reserved 1048576K
}
Event: 9.919 GC heap before
{Heap before GC invocations=1549 (full 4):
 PSYoungGen      total 7168K, used 6979K [0x00000000eab00000, 0x00000000eb580000, 0x0000000100000000)
  eden space 4608K, 100% used [0x00000000eab00000,0x00000000eaf80000,0x00000000eaf80000)
  from space 2560K, 92% used [0x00000000eaf80000,0x00000000eb1d0fa0,0x00000000eb200000)
  to   space 3072K, 0% used [0x00000000eb280000,0x00000000eb280000,0x00000000eb580000)
 ParOldGen       total 386048K, used 385885K [0x00000000c0000000, 0x00000000d7900000, 0x00000000eab00000)
  object space 386048K, 99% used [0x00000000c0000000,0x00000000d78d7440,0x00000000d7900000)
 Metaspace       used 66733K, committed 68416K, reserved 1114112K
  class space    used 6846K, committed 7552K, reserved 1048576K
}
Event: 9.921 GC heap after
{Heap after GC invocations=1549 (full 4):
 PSYoungGen      total 4608K, used 3072K [0x00000000eab00000, 0x00000000ebc80000, 0x0000000100000000)
  eden space 1536K, 0% used [0x00000000eab00000,0x00000000eab00000,0x00000000eac80000)
  from space 3072K, 100% used [0x00000000eb280000,0x00000000eb580000,0x00000000eb580000)
  to   space 6144K, 0% used [0x00000000eac80000,0x00000000eac80000,0x00000000eb280000)
 ParOldGen       total 388608K, used 388229K [0x00000000c0000000, 0x00000000d7b80000, 0x00000000eab00000)
  object space 388608K, 99% used [0x00000000c0000000,0x00000000d7b21440,0x00000000d7b80000)
 Metaspace       used 66733K, committed 68416K, reserved 1114112K
  class space    used 6846K, committed 7552K, reserved 1048576K
}
Event: 9.922 GC heap before
{Heap before GC invocations=1550 (full 4):
 PSYoungGen      total 4608K, used 4607K [0x00000000eab00000, 0x00000000ebc80000, 0x0000000100000000)
  eden space 1536K, 99% used [0x00000000eab00000,0x00000000eac7ffe8,0x00000000eac80000)
  from space 3072K, 100% used [0x00000000eb280000,0x00000000eb580000,0x00000000eb580000)
  to   space 6144K, 0% used [0x00000000eac80000,0x00000000eac80000,0x00000000eb280000)
 ParOldGen       total 388608K, used 388229K [0x00000000c0000000, 0x00000000d7b80000, 0x00000000eab00000)
  object space 388608K, 99% used [0x00000000c0000000,0x00000000d7b21440,0x00000000d7b80000)
 Metaspace       used 66741K, committed 68416K, reserved 1114112K
  class space    used 6848K, committed 7552K, reserved 1048576K
}
Event: 9.923 GC heap after
{Heap after GC invocations=1550 (full 4):
 PSYoungGen      total 3584K, used 1568K [0x00000000eab00000, 0x00000000eb300000, 0x0000000100000000)
  eden space 1536K, 0% used [0x00000000eab00000,0x00000000eab00000,0x00000000eac80000)
  from space 2048K, 76% used [0x00000000eac80000,0x00000000eae08000,0x00000000eae80000)
  to   space 3072K, 0% used [0x00000000eb000000,0x00000000eb000000,0x00000000eb300000)
 ParOldGen       total 391680K, used 391349K [0x00000000c0000000, 0x00000000d7e80000, 0x00000000eab00000)
  object space 391680K, 99% used [0x00000000c0000000,0x00000000d7e2d440,0x00000000d7e80000)
 Metaspace       used 66741K, committed 68416K, reserved 1114112K
  class space    used 6848K, committed 7552K, reserved 1048576K
}
Event: 9.930 GC heap before
{Heap before GC invocations=1551 (full 4):
 PSYoungGen      total 3584K, used 3104K [0x00000000eab00000, 0x00000000eb300000, 0x0000000100000000)
  eden space 1536K, 100% used [0x00000000eab00000,0x00000000eac80000,0x00000000eac80000)
  from space 2048K, 76% used [0x00000000eac80000,0x00000000eae08000,0x00000000eae80000)
  to   space 3072K, 0% used [0x00000000eb000000,0x00000000eb000000,0x00000000eb300000)
 ParOldGen       total 391680K, used 391349K [0x00000000c0000000, 0x00000000d7e80000, 0x00000000eab00000)
  object space 391680K, 99% used [0x00000000c0000000,0x00000000d7e2d440,0x00000000d7e80000)
 Metaspace       used 66826K, committed 68480K, reserved 1114112K
  class space    used 6856K, committed 7552K, reserved 1048576K
}
Event: 9.931 GC heap after
{Heap after GC invocations=1551 (full 4):
 PSYoungGen      total 3072K, used 928K [0x00000000eab00000, 0x00000000eb100000, 0x0000000100000000)
  eden space 2048K, 0% used [0x00000000eab00000,0x00000000eab00000,0x00000000ead00000)
  from space 1024K, 90% used [0x00000000eb000000,0x00000000eb0e8010,0x00000000eb100000)
  to   space 1536K, 0% used [0x00000000eae00000,0x00000000eae00000,0x00000000eaf80000)
 ParOldGen       total 392704K, used 392677K [0x00000000c0000000, 0x00000000d7f80000, 0x00000000eab00000)
  object space 392704K, 99% used [0x00000000c0000000,0x00000000d7f79440,0x00000000d7f80000)
 Metaspace       used 66826K, committed 68480K, reserved 1114112K
  class space    used 6856K, committed 7552K, reserved 1048576K
}

